0 info it worked if it ends with ok
1 verbose cli [ 'node', '/usr/local/bin/npm', 'uninstall', 'gulp-util' ]
2 info using npm@1.4.28
3 info using node@v0.10.33
4 verbose node_modules/gulp-util unbuild
5 info preuninstall gulp-util@3.0.4
6 info uninstall gulp-util@3.0.4
7 verbose true,/Users/liusong/work/1yd-coach/node_modules,/Users/liusong/work/1yd-coach/node_modules unbuild gulp-util@3.0.4
8 info postuninstall gulp-util@3.0.4
9 error Error: EACCES, unlink '/Users/liusong/work/1yd-coach/node_modules/gulp-util/node_modules/.bin/dateformat'
9 error  { [Error: EACCES, unlink '/Users/liusong/work/1yd-coach/node_modules/gulp-util/node_modules/.bin/dateformat']
9 error   errno: 3,
9 error   code: 'EACCES',
9 error   path: '/Users/liusong/work/1yd-coach/node_modules/gulp-util/node_modules/.bin/dateformat' }
10 error Please try running this command again as root/Administrator.
11 error System Darwin 14.1.0
12 error command "node" "/usr/local/bin/npm" "uninstall" "gulp-util"
13 error cwd /Users/liusong/work/1yd-coach
14 error node -v v0.10.33
15 error npm -v 1.4.28
16 error path /Users/liusong/work/1yd-coach/node_modules/gulp-util/node_modules/.bin/dateformat
17 error code EACCES
18 error errno 3
19 error stack Error: EACCES, unlink '/Users/liusong/work/1yd-coach/node_modules/gulp-util/node_modules/.bin/dateformat'
20 verbose exit [ 3, true ]
